c:\users\alexandru\desktop\teme\ppd\project\normal\project\project\debug\project.pch
c:\users\alexandru\desktop\teme\ppd\project\normal\project\project\debug\vc141.pdb
c:\users\alexandru\desktop\teme\ppd\project\normal\project\project\debug\vc141.idb
c:\users\alexandru\desktop\teme\ppd\project\normal\project\project\debug\pch.obj
c:\users\alexandru\desktop\teme\ppd\project\normal\project\project\debug\project.obj
d:\programming\ppd\project\normal\project\project\debug\project.pch
d:\programming\ppd\project\normal\project\project\debug\vc141.pdb
d:\programming\ppd\project\normal\project\project\debug\vc141.idb
d:\programming\ppd\project\normal\project\project\debug\pch.obj
d:\programming\ppd\project\normal\project\project\debug\project.obj
c:\users\alexandru\desktop\teme\ppd\project\normal\project\debug\project.exe
c:\users\alexandru\desktop\teme\ppd\project\normal\project\debug\project.ilk
c:\users\alexandru\desktop\teme\ppd\project\normal\project\debug\project.pdb
d:\programming\ppd\project\normal\project\debug\project.exe
d:\programming\ppd\project\normal\project\debug\project.ilk
d:\programming\ppd\project\normal\project\debug\project.pdb
d:\programming\ppd\project\normal\project\project\debug\project.tlog\cl.command.1.tlog
d:\programming\ppd\project\normal\project\project\debug\project.tlog\cl.read.1.tlog
d:\programming\ppd\project\normal\project\project\debug\project.tlog\cl.write.1.tlog
d:\programming\ppd\project\normal\project\project\debug\project.tlog\link.command.1.tlog
d:\programming\ppd\project\normal\project\project\debug\project.tlog\link.read.1.tlog
d:\programming\ppd\project\normal\project\project\debug\project.tlog\link.write.1.tlog
