Build started 13-Jan-19 11:43:32 PM.
     1>Project "D:\Programming\PPD\PROJECT\normal\project\project\project.vcxproj" on node 2 (Rebuild target(s)).
     1>_PrepareForClean:
         Deleting file "Debug\project.tlog\project.lastbuildstate".
       InitializeBuildStatus:
         Creating "Debug\project.tlog\unsuccessfulbuild" because "AlwaysCreate" was specified.
       ClCompile:
         C:\Program Files (x86)\Microsoft Visual Studio\2017\Community\VC\Tools\MSVC\14.15.26726\bin\HostX86\x86\CL.exe /c /ZI /JMC /nologo /W3 /WX- /diagnostics:classic /sdl /Od /Oy- /D WIN32 /D _DEBUG /D _CONSOLE /D _UNICODE /D UNICODE /Gm- /EHsc /RTC1 /MDd /GS /fp:precise /permissive- /Zc:wchar_t /Zc:forScope /Zc:inline /Yc"pch.h" /Fp"Debug\project.pch" /Fo"Debug\\" /Fd"Debug\vc141.pdb" /Gd /TP /analyze- /FC /errorReport:prompt pch.cpp
         pch.cpp
         C:\Program Files (x86)\Microsoft Visual Studio\2017\Community\VC\Tools\MSVC\14.15.26726\bin\HostX86\x86\CL.exe /c /ZI /JMC /nologo /W3 /WX- /diagnostics:classic /sdl /Od /Oy- /D WIN32 /D _DEBUG /D _CONSOLE /D _UNICODE /D UNICODE /Gm- /EHsc /RTC1 /MDd /GS /fp:precise /permissive- /Zc:wchar_t /Zc:forScope /Zc:inline /Yu"pch.h" /Fp"Debug\project.pch" /Fo"Debug\\" /Fd"Debug\vc141.pdb" /Gd /TP /analyze- /FC /errorReport:prompt project.cpp
         project.cpp
     1>d:\programming\ppd\project\normal\project\project\project.cpp(149): warning C4018: '<': signed/unsigned mismatch
     1>d:\programming\ppd\project\normal\project\project\project.cpp(154): warning C4018: '<': signed/unsigned mismatch
     1>d:\programming\ppd\project\normal\project\project\project.cpp(179): warning C4018: '<': signed/unsigned mismatch
     1>d:\programming\ppd\project\normal\project\project\project.cpp(210): warning C4018: '<=': signed/unsigned mismatch
     1>d:\programming\ppd\project\normal\project\project\project.cpp(212): warning C4018: '<': signed/unsigned mismatch
     1>d:\programming\ppd\project\normal\project\project\project.cpp(224): warning C4018: '>=': signed/unsigned mismatch
     1>d:\programming\ppd\project\normal\project\project\project.cpp(230): warning C4018: '>=': signed/unsigned mismatch
     1>d:\programming\ppd\project\normal\project\project\project.cpp(237): warning C4244: '+=': conversion from 'double' to 'int', possible loss of data
     1>d:\programming\ppd\project\normal\project\project\project.cpp(238): warning C4244: '+=': conversion from 'double' to 'int', possible loss of data
     1>d:\programming\ppd\project\normal\project\project\project.cpp(239): warning C4244: '+=': conversion from 'double' to 'int', possible loss of data
     1>d:\programming\ppd\project\normal\project\project\project.cpp(327): warning C4018: '>': signed/unsigned mismatch
       Link:
         C:\Program Files (x86)\Microsoft Visual Studio\2017\Community\VC\Tools\MSVC\14.15.26726\bin\HostX86\x86\link.exe /ERRORREPORT:PROMPT /OUT:"D:\Programming\PPD\PROJECT\normal\project\Debug\project.exe" /INCREMENTAL /NOLOGO kernel32.lib user32.lib gdi32.lib winspool.lib comdlg32.lib advapi32.lib shell32.lib ole32.lib oleaut32.lib uuid.lib odbc32.lib odbccp32.lib /MANIFEST /MANIFESTUAC:"level='asInvoker' uiAccess='false'" /manifest:embed /DEBUG:FASTLINK /PDB:"D:\Programming\PPD\PROJECT\normal\project\Debug\project.pdb" /SUBSYSTEM:CONSOLE /TLBID:1 /DYNAMICBASE /NXCOMPAT /IMPLIB:"D:\Programming\PPD\PROJECT\normal\project\Debug\project.lib" /MACHINE:X86 Debug\pch.obj
         Debug\project.obj
         project.vcxproj -> D:\Programming\PPD\PROJECT\normal\project\Debug\project.exe
       FinalizeBuildStatus:
         Deleting file "Debug\project.tlog\unsuccessfulbuild".
         Touching "Debug\project.tlog\project.lastbuildstate".
     1>Done Building Project "D:\Programming\PPD\PROJECT\normal\project\project\project.vcxproj" (Rebuild target(s)).

Build succeeded.

       "D:\Programming\PPD\PROJECT\normal\project\project\project.vcxproj" (Rebuild target) (1) ->
       (ClCompile target) -> 
         d:\programming\ppd\project\normal\project\project\project.cpp(149): warning C4018: '<': signed/unsigned mismatch
         d:\programming\ppd\project\normal\project\project\project.cpp(154): warning C4018: '<': signed/unsigned mismatch
         d:\programming\ppd\project\normal\project\project\project.cpp(179): warning C4018: '<': signed/unsigned mismatch
         d:\programming\ppd\project\normal\project\project\project.cpp(210): warning C4018: '<=': signed/unsigned mismatch
         d:\programming\ppd\project\normal\project\project\project.cpp(212): warning C4018: '<': signed/unsigned mismatch
         d:\programming\ppd\project\normal\project\project\project.cpp(224): warning C4018: '>=': signed/unsigned mismatch
         d:\programming\ppd\project\normal\project\project\project.cpp(230): warning C4018: '>=': signed/unsigned mismatch
         d:\programming\ppd\project\normal\project\project\project.cpp(237): warning C4244: '+=': conversion from 'double' to 'int', possible loss of data
         d:\programming\ppd\project\normal\project\project\project.cpp(238): warning C4244: '+=': conversion from 'double' to 'int', possible loss of data
         d:\programming\ppd\project\normal\project\project\project.cpp(239): warning C4244: '+=': conversion from 'double' to 'int', possible loss of data
         d:\programming\ppd\project\normal\project\project\project.cpp(327): warning C4018: '>': signed/unsigned mismatch

    11 Warning(s)
    0 Error(s)

Time Elapsed 00:00:02.51
